<?xml version="1.0" encoding="UTF-8"?>
<testsuite xmlns:xsi="http://www.w3.org/2001/XMLSchema-instance" xsi:noNamespaceSchemaLocation="https://maven.apache.org/surefire/maven-surefire-plugin/xsd/surefire-test-report-3.0.xsd" version="3.0" name="com.AccountService.AccountServiceApplicationTests" time="13.558" tests="1" errors="0" skipped="0" failures="0">
  <properties>
[...]
</properties>
  <testcase name="contextLoads" classname="com.AccountService.AccountServiceApplicationTests" time="0.777">
    <system-out><![CDATA[22:33:36.523 [main] INFO org.springframework.test.context.support.AnnotationConfigContextLoaderUtils -- Could not detect default configuration classes for test class [com.AccountService.AccountServiceApplicationTests]: AccountServiceApplicationTests does not declare any static, non-private, non-final, nested classes annotated with @Configuration.
22:33:36.686 [main] INFO org.springframework.boot.test.context.SpringBootTestContextBootstrapper -- Found @SpringBootConfiguration com.AccountService.AccountServiceApplication for test class com.AccountService.AccountServiceApplicationTests
22:33:36.952 [main] INFO org.springframework.boot.devtools.restart.RestartApplicationListener -- Restart disabled due to context in which it is running

  .   ____          _            __ _ _
 /\\ / ___'_ __ _ _(_)_ __  __ _ \ \ \ \
( ( )\___ | '_ | '_| | '_ \/ _` | \ \ \ \
 \\/  ___)| |_)| | | | | || (_| |  ) ) ) )
  '  |____| .__|_| |_|_| |_\__, | / / / /
 =========|_|==============|___/=/_/_/_/
 :: Spring Boot ::                (v3.2.7)

2024-07-19T22:33:37.256+05:30  INFO 28120 --- [Account-Service] [           main] c.A.AccountServiceApplicationTests       : Starting AccountServiceApplicationTests using Java 17.0.11 with PID 28120 (started by Somohan in D:\Soumya\Java Projects\Banking_Application_SpringBoot_SpringDataJPA_SpringSecurity_MySQL\Account-Service)
2024-07-19T22:33:37.258+05:30  INFO 28120 --- [Account-Service] [           main] c.A.AccountServiceApplicationTests       : No active profile set, falling back to 1 default profile: "default"
2024-07-19T22:33:38.916+05:30  INFO 28120 --- [Account-Service] [           main] .s.d.r.c.RepositoryConfigurationDelegate : Bootstrapping Spring Data JPA repositories in DEFAULT mode.
2024-07-19T22:33:38.995+05:30  INFO 28120 --- [Account-Service] [           main] .s.d.r.c.RepositoryConfigurationDelegate : Finished Spring Data repository scanning in 70 ms. Found 2 JPA repository interfaces.
2024-07-19T22:33:40.270+05:30  INFO 28120 --- [Account-Service] [           main] com.zaxxer.hikari.HikariDataSource       : HikariPool-1 - Starting...
2024-07-19T22:33:40.996+05:30  INFO 28120 --- [Account-Service] [           main] com.zaxxer.hikari.pool.HikariPool        : HikariPool-1 - Added connection com.mysql.cj.jdbc.ConnectionImpl@260d48f5
2024-07-19T22:33:41.000+05:30  INFO 28120 --- [Account-Service] [           main] com.zaxxer.hikari.HikariDataSource       : HikariPool-1 - Start completed.
2024-07-19T22:33:41.055+05:30  INFO 28120 --- [Account-Service] [           main] o.hibernate.jpa.internal.util.LogHelper  : HHH000204: Processing PersistenceUnitInfo [name: default]
2024-07-19T22:33:41.130+05:30  INFO 28120 --- [Account-Service] [           main] org.hibernate.Version                    : HHH000412: Hibernate ORM core version 6.4.9.Final
2024-07-19T22:33:41.179+05:30  INFO 28120 --- [Account-Service] [           main] o.h.c.internal.RegionFactoryInitiator    : HHH000026: Second-level cache disabled
2024-07-19T22:33:41.614+05:30  INFO 28120 --- [Account-Service] [           main] o.s.o.j.p.SpringPersistenceUnitInfo      : No LoadTimeWeaver setup: ignoring JPA class transformer
2024-07-19T22:33:43.009+05:30  INFO 28120 --- [Account-Service] [           main] o.h.e.t.j.p.i.JtaPlatformInitiator       : HHH000489: No JTA platform available (set 'hibernate.transaction.jta.platform' to enable JTA platform integration)
2024-07-19T22:33:43.013+05:30  INFO 28120 --- [Account-Service] [           main] j.LocalContainerEntityManagerFactoryBean : Initialized JPA EntityManagerFactory for persistence unit 'default'
2024-07-19T22:33:44.966+05:30  WARN 28120 --- [Account-Service] [           main] JpaBaseConfiguration$JpaWebConfiguration : spring.jpa.open-in-view is enabled by default. Therefore, database queries may be performed during view rendering. Explicitly configure spring.jpa.open-in-view to disable this warning
2024-07-19T22:33:45.420+05:30  INFO 28120 --- [Account-Service] [           main] o.s.d.j.r.query.QueryEnhancerFactory     : Hibernate is in classpath; If applicable, HQL parser will be used.
2024-07-19T22:33:48.300+05:30  INFO 28120 --- [Account-Service] [           main] o.s.b.a.e.web.EndpointLinksResolver      : Exposing 13 endpoint(s) beneath base path '/actuator'
2024-07-19T22:33:48.637+05:30  INFO 28120 --- [Account-Service] [           main] o.a.k.clients.consumer.ConsumerConfig    : ConsumerConfig values: 
	allow.auto.create.topics = true
	auto.commit.interval.ms = 5000
	auto.include.jmx.reporter = true
	auto.offset.reset = earliest
	bootstrap.servers = [localhost:9092]
	check.crcs = true
	client.dns.lookup = use_all_dns_ips
	client.id = consumer-group_id-1
	client.rack = 
	connections.max.idle.ms = 540000
	default.api.timeout.ms = 60000
	enable.auto.commit = false
	exclude.internal.topics = true
	fetch.max.bytes = 52428800
	fetch.max.wait.ms = 500
	fetch.min.bytes = 1
	group.id = group_id
	group.instance.id = null
	heartbeat.interval.ms = 3000
	interceptor.classes = []
	internal.leave.group.on.close = true
	internal.throw.on.fetch.stable.offset.unsupported = false
	isolation.level = read_uncommitted
	key.deserializer = class org.apache.kafka.common.serialization.StringDeserializer
	max.partition.fetch.bytes = 1048576
	max.poll.interval.ms = 300000
	max.poll.records = 500
	metadata.max.age.ms = 300000
	metric.reporters = []
	metrics.num.samples = 2
	metrics.recording.level = INFO
	metrics.sample.window.ms = 30000
	partition.assignment.strategy = [class org.apache.kafka.clients.consumer.RangeAssignor, class org.apache.kafka.clients.consumer.CooperativeStickyAssignor]
	receive.buffer.bytes = 65536
	reconnect.backoff.max.ms = 1000
	reconnect.backoff.ms = 50
	request.timeout.ms = 30000
	retry.backoff.ms = 100
	sasl.client.callback.handler.class = null
	sasl.jaas.config = null
	sasl.kerberos.kinit.cmd = /usr/bin/kinit
	sasl.kerberos.min.time.before.relogin = 60000
	sasl.kerberos.service.name = null
	sasl.kerberos.ticket.renew.jitter = 0.05
	sasl.kerberos.ticket.renew.window.factor = 0.8
	sasl.login.callback.handler.class = null
	sasl.login.class = null
	sasl.login.connect.timeout.ms = null
	sasl.login.read.timeout.ms = null
	sasl.login.refresh.buffer.seconds = 300
	sasl.login.refresh.min.period.seconds = 60
	sasl.login.refresh.window.factor = 0.8
	sasl.login.refresh.window.jitter = 0.05
	sasl.login.retry.backoff.max.ms = 10000
	sasl.login.retry.backoff.ms = 100
	sasl.mechanism = GSSAPI
	sasl.oauthbearer.clock.skew.seconds = 30
	sasl.oauthbearer.expected.audience = null
	sasl.oauthbearer.expected.issuer = null
	sasl.oauthbearer.jwks.endpoint.refresh.ms = 3600000
	sasl.oauthbearer.jwks.endpoint.retry.backoff.max.ms = 10000
	sasl.oauthbearer.jwks.endpoint.retry.backoff.ms = 100
	sasl.oauthbearer.jwks.endpoint.url = null
	sasl.oauthbearer.scope.claim.name = scope
	sasl.oauthbearer.sub.claim.name = sub
	sasl.oauthbearer.token.endpoint.url = null
	security.protocol = PLAINTEXT
	security.providers = null
	send.buffer.bytes = 131072
	session.timeout.ms = 45000
	socket.connection.setup.timeout.max.ms = 30000
	socket.connection.setup.timeout.ms = 10000
	ssl.cipher.suites = null
	ssl.enabled.protocols = [TLSv1.2, TLSv1.3]
	ssl.endpoint.identification.algorithm = https
	ssl.engine.factory.class = null
	ssl.key.password = null
	ssl.keymanager.algorithm = SunX509
	ssl.keystore.certificate.chain = null
	ssl.keystore.key = null
	ssl.keystore.location = null
	ssl.keystore.password = null
	ssl.keystore.type = JKS
	ssl.protocol = TLSv1.3
	ssl.provider = null
	ssl.secure.random.implementation = null
	ssl.trustmanager.algorithm = PKIX
	ssl.truststore.certificates = null
	ssl.truststore.location = null
	ssl.truststore.password = null
	ssl.truststore.type = JKS
	value.deserializer = class org.apache.kafka.common.serialization.StringDeserializer

2024-07-19T22:33:48.849+05:30  INFO 28120 --- [Account-Service] [           main] o.a.kafka.common.utils.AppInfoParser     : Kafka version: 3.6.2
2024-07-19T22:33:48.849+05:30  INFO 28120 --- [Account-Service] [           main] o.a.kafka.common.utils.AppInfoParser     : Kafka commitId: c4deed513057c94e
2024-07-19T22:33:48.849+05:30  INFO 28120 --- [Account-Service] [           main] o.a.kafka.common.utils.AppInfoParser     : Kafka startTimeMs: 1721408628846
2024-07-19T22:33:48.868+05:30  INFO 28120 --- [Account-Service] [           main] fkaConsumerFactory$ExtendedKafkaConsumer : [Consumer clientId=consumer-group_id-1, groupId=group_id] Subscribed to topic(s): Create-account
2024-07-19T22:33:48.916+05:30  INFO 28120 --- [Account-Service] [           main] c.A.AccountServiceApplicationTests       : Started AccountServiceApplicationTests in 11.982 seconds (process running for 13.615)
2024-07-19T22:33:49.670+05:30  INFO 28120 --- [Account-Service] [ntainer#0-0-C-1] org.apache.kafka.clients.NetworkClient   : [Consumer clientId=consumer-group_id-1, groupId=group_id] Node -1 disconnected.
2024-07-19T22:33:49.674+05:30  WARN 28120 --- [Account-Service] [ntainer#0-0-C-1] org.apache.kafka.clients.NetworkClient   : [Consumer clientId=consumer-group_id-1, groupId=group_id] Connection to node -1 (localhost/127.0.0.1:9092) could not be established. Broker may not be available.
2024-07-19T22:33:49.675+05:30  WARN 28120 --- [Account-Service] [ntainer#0-0-C-1] org.apache.kafka.clients.NetworkClient   : [Consumer clientId=consumer-group_id-1, groupId=group_id] Bootstrap broker localhost:9092 (id: -1 rack: null) disconnected
2024-07-19T22:33:49.816+05:30  INFO 28120 --- [Account-Service] [ntainer#0-0-C-1] org.apache.kafka.clients.NetworkClient   : [Consumer clientId=consumer-group_id-1, groupId=group_id] Node -1 disconnected.
2024-07-19T22:33:49.816+05:30  WARN 28120 --- [Account-Service] [ntainer#0-0-C-1] org.apache.kafka.clients.NetworkClient   : [Consumer clientId=consumer-group_id-1, groupId=group_id] Connection to node -1 (localhost/127.0.0.1:9092) could not be established. Broker may not be available.
2024-07-19T22:33:49.816+05:30  WARN 28120 --- [Account-Service] [ntainer#0-0-C-1] org.apache.kafka.clients.NetworkClient   : [Consumer clientId=consumer-group_id-1, groupId=group_id] Bootstrap broker localhost:9092 (id: -1 rack: null) disconnected
]]></system-out>
  </testcase>
</testsuite>